2022-10-14 13:34:32 [@MI000495]
Interno #1: Executar contract
2022-10-14 13:39:52 [@MI000495]
Interno #1: Executar infocom
2022-10-14 13:40:18 [@MI000495]
Interno #1: Executar mailgate
2022-10-14 13:47:43 [@MI000495]
Interno #1: Executar session
2022-10-14 13:48:05 [@MI000495]
Interno #1: Executar graph
2022-10-14 13:48:36 [@MI000495]
Interno #1: Executar reservation
2022-10-14 13:48:45 [@MI000495]
Interno #1: Executar closeticket
2022-10-14 13:48:56 [@MI000495]
Interno #1: Executar alertnotclosed
2022-10-14 13:49:35 [@MI000495]
Interno #1: Executar slaticket
2022-10-14 13:49:43 [@MI000495]
Interno #1: Executar createinquest
2022-10-14 13:50:21 [@MI000495]
Interno #1: Executar watcher
2022-10-14 14:25:26 [@MI000495]
Interno #1: Executar RecurrentItems
2022-10-14 14:25:50 [@MI000495]
Interno #1: Executar planningrecall
2022-10-14 14:27:05 [@MI000495]
Interno #1: Executar queuednotification
2022-10-14 14:27:41 [@MI000495]
Interno #1: Executar queuednotificationclean
2022-10-14 14:28:07 [@MI000495]
Interno #1: Executar temp
2022-10-14 14:28:25 [@MI000495]
Interno #1: Executar mailgateerror
2022-10-14 14:29:06 [@MI000495]
Interno #1: Executar certificate
2022-10-14 14:29:23 [@MI000495]
Interno #1: Executar olaticket
2022-10-14 14:29:37 [@MI000495]
Interno #1: Executar mailgate
2022-10-14 14:29:49 [@MI000495]
Interno #1: Executar slaticket
2022-10-14 14:31:46 [@MI000495]
Interno #1: Executar queuednotification
2022-10-14 14:32:26 [@MI000495]
Interno #1: Executar planningrecall
2022-10-14 14:32:50 [@MI000495]
Interno #1: Executar queuednotification
2022-10-14 14:38:29 [@MI000495]
Interno #1: Executar queuednotification
2022-10-14 14:39:05 [@MI000495]
Interno #1: Executar slaticket
2022-10-14 14:45:15 [@MI000495]
Interno #1: Executar olaticket
2022-10-14 14:47:37 [@MI000495]
Interno #1: Executar planningrecall
2022-10-14 14:48:44 [@MI000495]
Interno #1: Executar mailgate
2022-10-14 14:54:41 [@MI000495]
Interno #1: Executar queuednotification
2022-10-14 14:57:56 [@MI000495]
Interno #1: Executar slaticket
2022-10-14 14:59:20 [@MI000495]
Interno #1: Executar graph
2022-10-14 15:00:48 [@MI000495]
Interno #1: Executar reservation
2022-10-14 15:07:22 [2@MI000495]
Interno #1: Executar olaticket
2022-10-14 15:12:30 [2@MI000495]
Interno #1: Executar planningrecall
2022-10-14 15:18:27 [2@MI000495]
Interno #1: Executar queuednotification
2022-10-14 15:49:23 [@MI000495]
Interno #1: Executar mailgate
2022-10-14 15:57:34 [2@MI000495]
Interno #1: Executar slaticket
2022-10-14 15:58:33 [@MI000495]
Interno #1: Executar olaticket
2022-10-14 18:33:07 [2@MI000495]
Interno #1: Executar planningrecall
2022-10-14 19:15:05 [2@MI000495]
Interno #1: Executar queuednotification
2022-10-14 19:28:48 [2@MI000495]
Interno #1: Executar RecurrentItems
2022-10-14 19:35:28 [2@MI000495]
Interno #1: Executar temp
